ENTER: m_allocator()
00001 nge_timer.c(00016)::??                     malloc            :         40 bytes     
                                                                 OK:   00952200 (hash: 544)
EXIT : m_allocator()
ENTER: m_allocator()
00002 nge_image_load.c(00116)::??                malloc            :     21,497 (  20.99K)
                                                                 OK:   0C6E7C60 (hash: 1990)
EXIT : m_allocator()
ENTER: m_allocator()
00003 nge_image_load.c(00184)::??                malloc            :      1,920 (   1.88K)
                                                                 OK:   003FA3A0 (hash: 2618)
EXIT : m_allocator()
ENTER: m_allocator()
00004 nge_image_load.c(00197)::??                malloc            :  1,048,576 (1024.00K)
                                                                 OK:   0C7F0030 (hash: 3)
EXIT : m_allocator()
ENTER: m_deallocator()
      nge_image_load.c(00235)::??                  free(  003FA3A0)
EXIT : m_deallocator()
ENTER: m_allocator()
00005 nge_image_load.c(00240)::??                malloc            :         52 bytes     
                                                                 OK:   00953FA0 (hash: 1018)
EXIT : m_allocator()
ENTER: m_deallocator()
      nge_image_load.c(00120)::??                  free(  0C6E7C60)
EXIT : m_deallocator()
